0 info it worked if it ends with ok
1 verbose cli [ '/usr/local/bin/node', '/usr/local/bin/npm', 'install' ]
2 info using npm@3.10.3
3 info using node@v6.4.0
4 silly loadCurrentTree Starting
5 silly install loadCurrentTree
6 silly install readLocalPackageData
7 silly install normalizeTree
8 silly loadCurrentTree Finishing
9 silly loadIdealTree Starting
10 silly install loadIdealTree
11 silly cloneCurrentTree Starting
12 silly install cloneCurrentTreeToIdealTree
13 silly cloneCurrentTree Finishing
14 silly loadShrinkwrap Starting
15 silly install loadShrinkwrap
16 silly loadShrinkwrap Finishing
17 silly loadAllDepsIntoIdealTree Starting
18 silly install loadAllDepsIntoIdealTree
19 silly loadAllDepsIntoIdealTree Finishing
20 silly loadIdealTree Finishing
21 silly currentTree mic@1.0.0
21 silly currentTree └─┬ express@4.14.0
21 silly currentTree   ├─┬ accepts@1.3.3
21 silly currentTree   │ ├─┬ mime-types@2.1.11
21 silly currentTree   │ │ └── mime-db@1.23.0
21 silly currentTree   │ └── negotiator@0.6.1
21 silly currentTree   ├── array-flatten@1.1.1
21 silly currentTree   ├── content-disposition@0.5.1
21 silly currentTree   ├── content-type@1.0.2
21 silly currentTree   ├── cookie-signature@1.0.6
21 silly currentTree   ├── cookie@0.3.1
21 silly currentTree   ├─┬ debug@2.2.0
21 silly currentTree   │ └── ms@0.7.1
21 silly currentTree   ├── depd@1.1.0
21 silly currentTree   ├── encodeurl@1.0.1
21 silly currentTree   ├── escape-html@1.0.3
21 silly currentTree   ├── etag@1.7.0
21 silly currentTree   ├─┬ finalhandler@0.5.0
21 silly currentTree   │ ├── statuses@1.3.0
21 silly currentTree   │ └── unpipe@1.0.0
21 silly currentTree   ├── fresh@0.3.0
21 silly currentTree   ├── merge-descriptors@1.0.1
21 silly currentTree   ├── methods@1.1.2
21 silly currentTree   ├─┬ on-finished@2.3.0
21 silly currentTree   │ └── ee-first@1.1.1
21 silly currentTree   ├── parseurl@1.3.1
21 silly currentTree   ├── path-to-regexp@0.1.7
21 silly currentTree   ├─┬ proxy-addr@1.1.2
21 silly currentTree   │ ├── forwarded@0.1.0
21 silly currentTree   │ └── ipaddr.js@1.1.1
21 silly currentTree   ├── qs@6.2.0
21 silly currentTree   ├── range-parser@1.2.0
21 silly currentTree   ├─┬ send@0.14.1
21 silly currentTree   │ ├── destroy@1.0.4
21 silly currentTree   │ ├─┬ http-errors@1.5.0
21 silly currentTree   │ │ ├── inherits@2.0.1
21 silly currentTree   │ │ └── setprototypeof@1.0.1
21 silly currentTree   │ ├── mime@1.3.4
21 silly currentTree   │ ├── ms@0.7.1
21 silly currentTree   │ └── statuses@1.3.0
21 silly currentTree   ├── serve-static@1.11.1
21 silly currentTree   ├─┬ type-is@1.6.13
21 silly currentTree   │ ├── media-typer@0.3.0
21 silly currentTree   │ └─┬ mime-types@2.1.11
21 silly currentTree   │   └── mime-db@1.23.0
21 silly currentTree   ├── utils-merge@1.0.0
21 silly currentTree   └── vary@1.1.0
22 silly idealTree mic@1.0.0
22 silly idealTree └─┬ express@4.14.0
22 silly idealTree   ├─┬ accepts@1.3.3
22 silly idealTree   │ ├─┬ mime-types@2.1.11
22 silly idealTree   │ │ └── mime-db@1.23.0
22 silly idealTree   │ └── negotiator@0.6.1
22 silly idealTree   ├── array-flatten@1.1.1
22 silly idealTree   ├── content-disposition@0.5.1
22 silly idealTree   ├── content-type@1.0.2
22 silly idealTree   ├── cookie-signature@1.0.6
22 silly idealTree   ├── cookie@0.3.1
22 silly idealTree   ├─┬ debug@2.2.0
22 silly idealTree   │ └── ms@0.7.1
22 silly idealTree   ├── depd@1.1.0
22 silly idealTree   ├── encodeurl@1.0.1
22 silly idealTree   ├── escape-html@1.0.3
22 silly idealTree   ├── etag@1.7.0
22 silly idealTree   ├─┬ finalhandler@0.5.0
22 silly idealTree   │ ├── statuses@1.3.0
22 silly idealTree   │ └── unpipe@1.0.0
22 silly idealTree   ├── fresh@0.3.0
22 silly idealTree   ├── merge-descriptors@1.0.1
22 silly idealTree   ├── methods@1.1.2
22 silly idealTree   ├─┬ on-finished@2.3.0
22 silly idealTree   │ └── ee-first@1.1.1
22 silly idealTree   ├── parseurl@1.3.1
22 silly idealTree   ├── path-to-regexp@0.1.7
22 silly idealTree   ├─┬ proxy-addr@1.1.2
22 silly idealTree   │ ├── forwarded@0.1.0
22 silly idealTree   │ └── ipaddr.js@1.1.1
22 silly idealTree   ├── qs@6.2.0
22 silly idealTree   ├── range-parser@1.2.0
22 silly idealTree   ├─┬ send@0.14.1
22 silly idealTree   │ ├── destroy@1.0.4
22 silly idealTree   │ ├─┬ http-errors@1.5.0
22 silly idealTree   │ │ ├── inherits@2.0.1
22 silly idealTree   │ │ └── setprototypeof@1.0.1
22 silly idealTree   │ ├── mime@1.3.4
22 silly idealTree   │ ├── ms@0.7.1
22 silly idealTree   │ └── statuses@1.3.0
22 silly idealTree   ├── serve-static@1.11.1
22 silly idealTree   ├─┬ type-is@1.6.13
22 silly idealTree   │ ├── media-typer@0.3.0
22 silly idealTree   │ └─┬ mime-types@2.1.11
22 silly idealTree   │   └── mime-db@1.23.0
22 silly idealTree   ├── utils-merge@1.0.0
22 silly idealTree   └── vary@1.1.0
23 silly generateActionsToTake Starting
24 silly install generateActionsToTake
25 silly generateActionsToTake Finishing
26 silly diffTrees action count 0
27 silly decomposeActions action count 0
28 silly executeActions Starting
29 silly install executeActions
30 silly doSerial global-install 0
31 silly doParallel fetch 0
32 verbose correctMkdir /Users/irislee/.npm/_locks correctMkdir not in flight; initializing
33 warn locking Error: EACCES: permission denied, open '/Users/irislee/.npm/_locks/staging-b1dfebb90568901c.lock'
33 warn locking     at Error (native)
33 warn locking  /Users/irislee/.npm/_locks/staging-b1dfebb90568901c.lock failed { Error: EACCES: permission denied, open '/Users/irislee/.npm/_locks/staging-b1dfebb90568901c.lock'
33 warn locking     at Error (native)
33 warn locking   errno: -13,
33 warn locking   code: 'EACCES',
33 warn locking   syscall: 'open',
33 warn locking   path: '/Users/irislee/.npm/_locks/staging-b1dfebb90568901c.lock' }
34 silly rollbackFailedOptional Starting
35 silly rollbackFailedOptional Finishing
36 silly runTopLevelLifecycles Starting
37 silly runTopLevelLifecycles Finishing
38 silly install printInstalled
39 verbose stack Error: EACCES: permission denied, open '/Users/irislee/.npm/_locks/staging-b1dfebb90568901c.lock'
39 verbose stack     at Error (native)
40 verbose cwd /Users/irislee/Documents/Code/mic
41 error Darwin 15.4.0
42 error argv "/usr/local/bin/node" "/usr/local/bin/npm" "install"
43 error node v6.4.0
44 error npm  v3.10.3
45 error path /Users/irislee/.npm/_locks/staging-b1dfebb90568901c.lock
46 error code EACCES
47 error errno -13
48 error syscall open
49 error Error: EACCES: permission denied, open '/Users/irislee/.npm/_locks/staging-b1dfebb90568901c.lock'
49 error     at Error (native)
49 error  { Error: EACCES: permission denied, open '/Users/irislee/.npm/_locks/staging-b1dfebb90568901c.lock'
49 error     at Error (native)
49 error   errno: -13,
49 error   code: 'EACCES',
49 error   syscall: 'open',
49 error   path: '/Users/irislee/.npm/_locks/staging-b1dfebb90568901c.lock' }
50 error Please try running this command again as root/Administrator.
51 verbose exit [ -13, true ]
